c:\users\yagmur\desktop\a\kmeanssequantıal\debug\vc142.pdb
c:\users\yagmur\desktop\a\kmeanssequantıal\debug\vc142.ıdb
c:\users\yagmur\desktop\a\kmeanssequantıal\debug\maın_parallel.obj
c:\users\yagmur\desktop\a\kmeanssequantıal\debug\maın_serı.obj
c:\users\yagmur\desktop\a\kmeanssequantıal\debug\cmakecxxcompılerıd.obj
c:\users\yagmur\desktop\a\kmeanssequantıal\debug\maın_parallel.natıvecodeanalysıs.sarıf
c:\users\yagmur\desktop\a\kmeanssequantıal\debug\maın_parallel.natıvecodeanalysıs.xml
c:\users\yagmur\desktop\a\kmeanssequantıal\debug\maın.obj
c:\users\yagmur\desktop\a\kmeanssequantıal\debug\cmakeccompılerıd.obj
c:\users\yagmur\desktop\a\kmeanssequantial\debug\cmakeccompilerıd.obj
c:\users\yagmur\desktop\a\kmeanssequantial\debug\cmakecxxcompilerıd.obj
c:\users\yagmur\desktop\a\kmeanssequantial\debug\main.obj
c:\users\yagmur\desktop\a\kmeanssequantial\debug\main_parallel.obj
c:\users\yagmur\desktop\a\kmeanssequantial\debug\main_seri.obj
c:\users\yagmur\desktop\a\kmeanssequantial\debug\nativecodeanalysis.read.1.tlog
c:\users\yagmur\desktop\a\kmeanssequantial\debug\vc142.idb
c:\users\yagmur\desktop\a\kmeanssequantial\debug\seri.pdb
c:\users\yagmur\desktop\a\kmeanssequantial\debug\vc142.pdb
c:\users\yagmur\desktop\a\kmeanssequantial\debug\main_parallel.nativecodeanalysis.xml
c:\users\yagmur\desktop\a\kmeanssequantial\debug\vc.nativecodeanalysis.all.xml
c:\users\yagmur\desktop\a\kmeanssequantial\debug\seri.exe.lastcodeanalysissucceeded
c:\users\yagmur\desktop\a\kmeanssequantial\debug\seri.tlog\cl.command.1.tlog
c:\users\yagmur\desktop\a\kmeanssequantial\debug\seri.tlog\cl.read.1.tlog
c:\users\yagmur\desktop\a\kmeanssequantial\debug\seri.tlog\cl.write.1.tlog
c:\users\yagmur\desktop\a\kmeanssequantial\debug\seri.tlog\link-cvtres.read.1.tlog
c:\users\yagmur\desktop\a\kmeanssequantial\debug\seri.tlog\link-cvtres.write.1.tlog
c:\users\yagmur\desktop\a\kmeanssequantial\debug\seri.tlog\link-rc.read.1.tlog
c:\users\yagmur\desktop\a\kmeanssequantial\debug\seri.tlog\link-rc.write.1.tlog
c:\users\yagmur\desktop\a\kmeanssequantial\debug\seri.tlog\link.43120-cvtres.read.1.tlog
c:\users\yagmur\desktop\a\kmeanssequantial\debug\seri.tlog\link.43120-cvtres.write.1.tlog
c:\users\yagmur\desktop\a\kmeanssequantial\debug\seri.tlog\link.43120-rc.read.1.tlog
c:\users\yagmur\desktop\a\kmeanssequantial\debug\seri.tlog\link.43120-rc.write.1.tlog
c:\users\yagmur\desktop\a\kmeanssequantial\debug\seri.tlog\link.43120.read.1.tlog
c:\users\yagmur\desktop\a\kmeanssequantial\debug\seri.tlog\link.43120.write.1.tlog
c:\users\yagmur\desktop\a\kmeanssequantial\debug\seri.tlog\link.command.1.tlog
c:\users\yagmur\desktop\a\kmeanssequantial\debug\seri.tlog\link.read.1.tlog
c:\users\yagmur\desktop\a\kmeanssequantial\debug\seri.tlog\link.write.1.tlog
